<?xml version="1.0" encoding="UTF-8"?>
<!-- Generated by org.testng.reporters.JUnitXMLReporter -->
<testsuite hostname="LAPTOP-7VNC4V5A" ignored="0" name="Surefire test" tests="3" failures="0" timestamp="2020-06-02T15:40:30 BST" time="70.319" errors="0">
  <testcase name="ClickRadioButtonOnPracticePage" time="0.687" classname="org.example.Testsuit"/>
  <testcase name="RegisterOnRahulShettyAcadamy" time="36.992" classname="org.example.Testsuit"/>
  <testcase name="selectAndUnSelectCheckboxOnPracticePage" time="1.003" classname="org.example.Testsuit"/>
</testsuite> <!-- Surefire test -->
