<?xml version="1.0" encoding="UTF-8"?>
<testng-results skipped="0" failed="0" ignored="0" total="1" passed="1">
  <reporter-output>
  </reporter-output>
  <suite name="Surefire suite" duration-ms="61079" started-at="2020-06-01T10:21:21 BST" finished-at="2020-06-01T10:22:22 BST">
    <groups>
    </groups>
    <test name="Surefire test" duration-ms="61079" started-at="2020-06-01T10:21:21 BST" finished-at="2020-06-01T10:22:22 BST">
      <class name="org.example.Testsuit">
        <test-method status="PASS" signature="openBrowser()[pri:0, instance:org.example.Testsuit@25bbe1b6]" name="openBrowser" is-config="true" duration-ms="14818" started-at="2020-06-01T10:21:21 BST" finished-at="2020-06-01T10:21:36 BST">
          <reporter-output>
          </reporter-output>
        </test-method> <!-- openBrowser -->
        <test-method status="PASS" signature="RegisterOnRahulShettyAcadamy()[pri:0, instance:org.example.Testsuit@25bbe1b6]" name="RegisterOnRahulShettyAcadamy" duration-ms="36270" started-at="2020-06-01T10:21:36 BST" finished-at="2020-06-01T10:22:12 BST">
          <reporter-output>
          </reporter-output>
        </test-method> <!-- RegisterOnRahulShettyAcadamy -->
        <test-method status="PASS" signature="closeBrowser(org.testng.ITestResult)[pri:0, instance:org.example.Testsuit@25bbe1b6]" name="closeBrowser" is-config="true" duration-ms="9944" started-at="2020-06-01T10:22:12 BST" finished-at="2020-06-01T10:22:22 BST">
          <params>
            <param index="0">
              <value>
                <![CDATA[[TestResult name=RegisterOnRahulShettyAcadamy status=SUCCESS method=Testsuit.RegisterOnRahulShettyAcadamy()[pri:0, instance:org.example.Testsuit@25bbe1b6] output={null}]]]>
              </value>
            </param>
          </params>
          <reporter-output>
          </reporter-output>
        </test-method> <!-- closeBrowser -->
      </class> <!-- org.example.Testsuit -->
    </test> <!-- Surefire test -->
  </suite> <!-- Surefire suite -->
</testng-results>
